This is pdfTeX, Version 3.1415926-1.40.9 (MiKTeX 2.7) (preloaded format=pdflatex 2009.10.7)  31 AUG 2010 16:59
entering extended mode
**C:/Users/Yan/My*Dropbox/www/svn/tainttrackingopt/documentation/paperProse.tex

("C:/Users/Yan/My Dropbox/www/svn/tainttrackingopt/documentation/paperProse.tex
"
LaTeX2e <2005/12/01>
Babel <v3.8l> and hyphenation patterns for english, dumylang, nohyphenation, ge
rman, ngerman, german-x-2008-06-18, ngerman-x-2008-06-18, french, loaded.
("C:\Program Files (x86)\MiKTeX 2.7\tex\latex\base\article.cls"
Document Class: article 2005/09/16 v1.4f Standard LaTeX document class
("C:\Program Files (x86)\MiKTeX 2.7\tex\latex\base\size11.clo"
File: size11.clo 2005/09/16 v1.4f Standard LaTeX file (size option)
)
\c@part=\count79
\c@section=\count80
\c@subsection=\count81
\c@subsubsection=\count82
\c@paragraph=\count83
\c@subparagraph=\count84
\c@figure=\count85
\c@table=\count86
\abovecaptionskip=\skip41
\belowcaptionskip=\skip42
\bibindent=\dimen102
)
("C:\Program Files (x86)\MiKTeX 2.7\tex\latex\graphics\color.sty"
Package: color 2005/11/14 v1.0j Standard LaTeX Color (DPC)

("C:\Program Files (x86)\MiKTeX 2.7\tex\latex\00miktex\color.cfg"
File: color.cfg 2007/01/18 v1.5 color configuration of teTeX/TeXLive
)
Package color Info: Driver file: pdftex.def on input line 130.

("C:\Program Files (x86)\MiKTeX 2.7\tex\latex\pdftex-def\pdftex.def"
File: pdftex.def 2008/09/08 v0.04l Graphics/color for pdfTeX
\Gread@gobject=\count87
))
("C:\Program Files (x86)\MiKTeX 2.7\tex\latex\tools\verbatim.sty"
Package: verbatim 2003/08/22 v1.5q LaTeX2e package for verbatim enhancements
\every@verbatim=\toks14
\verbatim@line=\toks15
\verbatim@in@stream=\read1
)

LaTeX Warning: Unused global option(s):
    [times].

(paperProse.aux)
LaTeX Font Info:    Checking defaults for OML/cmm/m/it on input line 4.
LaTeX Font Info:    ... okay on input line 4.
LaTeX Font Info:    Checking defaults for T1/cmr/m/n on input line 4.
LaTeX Font Info:    ... okay on input line 4.
LaTeX Font Info:    Checking defaults for OT1/cmr/m/n on input line 4.
LaTeX Font Info:    ... okay on input line 4.
LaTeX Font Info:    Checking defaults for OMS/cmsy/m/n on input line 4.
LaTeX Font Info:    ... okay on input line 4.
LaTeX Font Info:    Checking defaults for OMX/cmex/m/n on input line 4.
LaTeX Font Info:    ... okay on input line 4.
LaTeX Font Info:    Checking defaults for U/cmr/m/n on input line 4.
LaTeX Font Info:    ... okay on input line 4.

("C:\Program Files (x86)\MiKTeX 2.7\tex\context\base\supp-pdf.tex"
[Loading MPS to PDF converter (version 2006.09.02).]
\scratchcounter=\count88
\scratchdimen=\dimen103
\scratchbox=\box26
\nofMPsegments=\count89
\nofMParguments=\count90
\everyMPshowfont=\toks16
\MPscratchCnt=\count91
\MPscratchDim=\dimen104
\MPnumerator=\count92
\everyMPtoPDFconversion=\toks17
)
LaTeX Font Info:    External font `cmex10' loaded for size
(Font)              <10.95> on input line 10.
LaTeX Font Info:    External font `cmex10' loaded for size
(Font)              <8> on input line 10.
LaTeX Font Info:    External font `cmex10' loaded for size
(Font)              <6> on input line 10.
 [1

{C:/ProgramData/MiKTeX/2.7/pdftex/config/pdftex.map}] [2] [3]
LaTeX Font Info:    Try loading font information for OMS+cmr on input line 85.

("C:\Program Files (x86)\MiKTeX 2.7\tex\latex\base\omscmr.fd"
File: omscmr.fd 1999/05/25 v2.5h Standard LaTeX font definitions
)
LaTeX Font Info:    Font shape `OMS/cmr/m/n' in size <10.95> not available
(Font)              Font shape `OMS/cmsy/m/n' tried instead on input line 85.
 [4]
Overfull \hbox (12.44762pt too wide) in paragraph at lines 119--128
[][] 
 []


Overfull \hbox (5.23975pt too wide) in paragraph at lines 131--132
[]\OT1/cmr/m/n/10.95 Track String-Buffer/StringBuilder. Pos-si-ble ex-pla-na-ti
on: Most
 []

[5] [6]
Overfull \hbox (2.05486pt too wide) in paragraph at lines 215--216
[]\OT1/cmr/m/n/10.95 Taint sources run-ning ei-ther Erika's VM or the TaintSet
 []

[7] (paperProse.aux) ) 
Here is how much of TeX's memory you used:
 793 strings out of 95304
 9731 string characters out of 1182842
 63130 words of memory out of 1500000
 4051 multiletter control sequences out of 110000
 7460 words of font info for 27 fonts, out of 3000000 for 5000
 14 hyphenation exceptions out of 8191
 21i,6n,19p,750b,421s stack positions out of 5000i,500n,10000p,200000b,50000s
<C:/Program Files (x86)/MiKTeX 2.7/fonts/type1/bluesky/cm
/cmbx10.pfb><C:/Program Files (x86)/MiKTeX 2.7/fonts/type1/bluesky/cm/cmbx12.pf
b><C:/Program Files (x86)/MiKTeX 2.7/fonts/type1/bluesky/cm/cmr10.pfb><C:/Progr
am Files (x86)/MiKTeX 2.7/fonts/type1/bluesky/cm/cmsy10.pfb><C:/Program Files (
x86)/MiKTeX 2.7/fonts/type1/bluesky/cm/cmtt10.pfb>
Output written on paperProse.pdf (7 pages, 58251 bytes).
PDF statistics:
 46 PDF objects out of 1000 (max. 8388607)
 0 named destinations out of 1000 (max. 131072)
 1 words of extra memory for PDF output out of 10000 (max. 10000000)

